<?xml version="1.0" encoding="UTF-8"?>
<testsuite xmlns:xsi="http://www.w3.org/2001/XMLSchema-instance" xsi:schemaLocation="https://maven.apache.org/surefire/maven-surefire-plugin/xsd/surefire-test-report.xsd" name="TestSuite" time="16.008" tests="1" errors="0" skipped="0" failures="1">
  <properties>
[...]
</properties>
  <testcase name="feature" classname="com.cucumberFramework.testRunner.TestRunner" time="14.378">
    <failure message="java.lang.AssertionError: expected [true] but found [false]" type="cucumber.runtime.CucumberException">cucumber.runtime.CucumberException: java.lang.AssertionError: expected [true] but found [false]
	at com.cucumberFramework.testRunner.TestRunner.feature(TestRunner.java:26)
Caused by: java.lang.AssertionError: expected [true] but found [false]
</failure>
    <system-out><![CDATA[#Author: your.email@your.domain.com
#Keywords Summary :
#Feature: List of scenarios.
#Scenario: Business rule through list of steps with arguments.
#Given: Some precondition step
#When: Some key actions
#Then: To observe outcomes or validation
#And,But: To enumerate more Given,When,Then steps
#Scenario Outline: List of steps for data-driven as an Examples and <placeholder>
#Examples: Container for s table
#Background: List of steps run before each of the scenarios
#""" (Doc Strings)
#| (Data Tables)
#@ (Tags/Labels):To group Scenarios
#<> (placeholder)
#""
## (Comments)
#Sample Feature Definition Template
@Login
Feature: Sign In
  As an employee of the company
  I want to login to application with my credentails
  In order to use the application features.
URL is: http://localhost:8888/index.php?

  Background: User navigates to Application URL                         &amp#27;[90m# login.feature:25&amp#27;[0m
    &amp#27;[32mGiven &amp#27;[0m&amp#27;[32mI am on the Login page URL "&amp#27;[0m&amp#27;[32m&amp#27;[1mhttp://localhost:8888/index.php?&amp#27;[0m&amp#27;[32m"&amp#27;[0m &amp#27;[90m# loginStepDefinitions.i_am_on_the_Login_page_URL(String)&amp#27;[0m
    &amp#27;[32mThen &amp#27;[0m&amp#27;[32mI should see Log In Page&amp#27;[0m                                       &amp#27;[90m# loginStepDefinitions.i_should_see_Log_In_Page()&amp#27;[0m

  @sanity
  Scenario: Sign In with valid credential                   &amp#27;[90m# login.feature:30&amp#27;[0m
    &amp#27;[32mWhen &amp#27;[0m&amp#27;[32mI enter username as "&amp#27;[0m&amp#27;[32m&amp#27;[1madmin&amp#27;[0m&amp#27;[32m"&amp#27;[0m                        &amp#27;[90m# loginStepDefinitions.i_enter_username_as(String)&amp#27;[0m
    &amp#27;[32mAnd &amp#27;[0m&amp#27;[32mI enter password as "&amp#27;[0m&amp#27;[32m&amp#27;[1mpassword&amp#27;[0m&amp#27;[32m"&amp#27;[0m                      &amp#27;[90m# loginStepDefinitions.i_enter_password_as(String)&amp#27;[0m
    &amp#27;[32mAnd &amp#27;[0m&amp#27;[32mclick on login button&amp#27;[0m                               &amp#27;[90m# loginStepDefinitions.click_on_login_button()&amp#27;[0m
    &amp#27;[32mThen &amp#27;[0m&amp#27;[32mI sould see application homepage&amp#27;[0m                   &amp#27;[90m# loginStepDefinitions.i_sould_see_application_homepage()&amp#27;[0m
    &amp#27;[31mAnd &amp#27;[0m&amp#27;[31mI sould see administrator text message on home Page&amp#27;[0m &amp#27;[90m# loginStepDefinitions.i_sould_see_administrator_text_message_on_home_Page()&amp#27;[0m
      &amp#27;[31mjava.lang.AssertionError: expected [true] but found [false]
      	at org.testng.Assert.fail(Assert.java:94)
      	at org.testng.Assert.failNotEquals(Assert.java:513)
      	at org.testng.Assert.assertTrue(Assert.java:42)
      	at org.testng.Assert.assertTrue(Assert.java:52)
      	at com.cucumberFramework.stepdefinitions.loginStepDefinitions.i_sould_see_administrator_text_message_on_home_Page(loginStepDefinitions.java:56)
      	at ?.And I sould see administrator text message on home Page(login.feature:35)
      &amp#27;[0m
]]></system-out>
    <system-err><![CDATA[Starting ChromeDriver 78.0.3904.70 (edb9c9f3de0247fd912a77b7f6cae7447f6d3ad5-refs/branch-heads/3904@{#800}) on port 44523
Only local connections are allowed.
Please protect ports used by ChromeDriver and related test frameworks to prevent access by malicious code.
Dec 04, 2019 12:32:40 AM org.openqa.selenium.remote.ProtocolHandshake createSession
INFO: Detected dialect: W3C
]]></system-err>
  </testcase>
</testsuite>