-------------------------------------------------------------------------------
Test set: TestSuite
-------------------------------------------------------------------------------
Tests run: 1, Failures: 1, Errors: 0, Skipped: 0, Time elapsed: 16.008 sec <<< FAILURE! - in TestSuite
feature(com.cucumberFramework.testRunner.TestRunner)  Time elapsed: 14.378 sec  <<< FAILURE!
cucumber.runtime.CucumberException: java.lang.AssertionError: expected [true] but found [false]
	at com.cucumberFramework.testRunner.TestRunner.feature(TestRunner.java:26)
Caused by: java.lang.AssertionError: expected [true] but found [false]

