<?xml version="1.0" encoding="UTF-8"?>
<testng-results skipped="0" failed="0" total="1" passed="1">
  <reporter-output>
  </reporter-output>
  <suite name="Default suite" duration-ms="15491" started-at="2019-12-04T05:11:31Z" finished-at="2019-12-04T05:11:47Z">
    <groups>
      <group name="cucumber">
        <method signature="TestRunner.feature(cucumber.api.testng.CucumberFeatureWrapper)[pri:0, instance:com.cucumberFramework.testRunner.TestRunner@6a41eaa2]" name="feature" class="com.cucumberFramework.testRunner.TestRunner"/>
      </group> <!-- cucumber -->
    </groups>
    <test name="Default test" duration-ms="15491" started-at="2019-12-04T05:11:31Z" finished-at="2019-12-04T05:11:47Z">
      <class name="com.cucumberFramework.testRunner.TestRunner">
        <test-method status="PASS" signature="setUpClass()[pri:0, instance:com.cucumberFramework.testRunner.TestRunner@6a41eaa2]" name="setUpClass" is-config="true" duration-ms="580" started-at="2019-12-04T00:11:31Z" finished-at="2019-12-04T00:11:32Z">
          <reporter-output>
          </reporter-output>
        </test-method> <!-- setUpClass -->
        <test-method status="PASS" signature="feature(cucumber.api.testng.CucumberFeatureWrapper)[pri:0, instance:com.cucumberFramework.testRunner.TestRunner@6a41eaa2]" name="feature" duration-ms="14657" started-at="2019-12-04T00:11:32Z" description="Runs cucumber Features" data-provider="features" finished-at="2019-12-04T00:11:47Z">
          <params>
            <param index="0">
              <value>
                <![CDATA[Sign In]]>
              </value>
            </param>
          </params>
          <reporter-output>
          </reporter-output>
        </test-method> <!-- feature -->
        <test-method status="PASS" signature="tearDownClass()[pri:0, instance:com.cucumberFramework.testRunner.TestRunner@6a41eaa2]" name="tearDownClass" is-config="true" duration-ms="13" started-at="2019-12-04T00:11:47Z" finished-at="2019-12-04T00:11:47Z">
          <reporter-output>
          </reporter-output>
        </test-method> <!-- tearDownClass -->
      </class> <!-- com.cucumberFramework.testRunner.TestRunner -->
    </test> <!-- Default test -->
  </suite> <!-- Default suite -->
</testng-results>
