<?xml version="1.0" encoding="UTF-8"?>
<!-- Generated by org.testng.reporters.JUnitXMLReporter -->
<testsuite hostname="LAPTOP-I0S1SS7L" name="Regression Test" tests="2" failures="1" timestamp="4 Dec 2019 04:37:19 GMT" time="1.654" errors="0">
  <testcase name="feature" time="0.128" classname="com.cucumberFramework.testRunner.TestRunner"/>
  <testcase name="feature" time="0.401" classname="com.cucumberFramework.testRunner.TestRunner">
    <failure type="cucumber.runtime.CucumberException" message="java.lang.NullPointerException">
      <![CDATA[cucumber.runtime.CucumberException: java.lang.NullPointerException
	at cucumber.api.testng.TestNGCucumberRunner.runCucumber(TestNGCucumberRunner.java:69)
	at com.cucumberFramework.testRunner.TestRunner.feature(TestRunner.java:26)
Caused by: java.lang.NullPointerException
	at com.cucumberFramework.stepdefinitions.loginStepDefinitions.i_am_on_the_Login_page_URL(loginStepDefinitions.java:17)
	at ✽.Given I am on the Login page URL "http://localhost:8888/index.php?"(login.feature:26)
... Removed 24 stack frames]]>
    </failure>
  </testcase> <!-- feature -->
</testsuite> <!-- Regression Test -->
